<?xml version="1.0" encoding="UTF-8"?>
<!-- Generated by org.testng.reporters.JUnitXMLReporter -->
<testsuite ignored="4" hostname="LTIN487221" failures="0" tests="16" name="Test" time="107.928" errors="0" timestamp="2024-04-08T14:07:38 IST">
  <testcase classname="testCases.TC001_ValidatingBookshelvesResult" name="validateBookshelveResult" time="12.203"/>
  <testcase classname="testCases.TC002_ValidatingSubMenuOfLivingStorage" name="validateSubmenuUnderLivingStorage" time="2.396"/>
  <testcase classname="testCases.TC003_ValidatingGiftCardsSection" name="validateGiftCardsSection" time="8.198"/>
  <testcase classname="testCases.TC003_ValidatingGiftCardsSection" name="validateGiftCardsSection" time="5.169"/>
  <testcase classname="testCases.TC003_ValidatingGiftCardsSection" name="validateGiftCardsSection" time="5.059"/>
  <testcase classname="testCases.TC003_ValidatingGiftCardsSection" name="validateGiftCardsSection" time="5.054"/>
  <testcase classname="testCases.TC003_ValidatingGiftCardsSection" name="validateGiftCardsSection" time="5.12"/>
  <testcase classname="testCases.TC003_ValidatingGiftCardsSection" name="validateGiftCardsSection" time="5.083"/>
  <testcase classname="testCases.TC003_ValidatingGiftCardsSection" name="validateGiftCardsSection" time="5.122"/>
  <testcase classname="testCases.TC003_ValidatingGiftCardsSection" name="validateGiftCardsSection" time="5.085"/>
  <testcase classname="testCases.TC003_ValidatingGiftCardsSection" name="validateGiftCardsSection" time="5.089"/>
  <testcase classname="testCases.TC003_ValidatingGiftCardsSection" name="validateGiftCardsSection" time="4.969"/>
  <testcase classname="testCases.TC003_ValidatingGiftCardsSection" name="validateGiftCardsSection" time="5.086"/>
  <testcase classname="testCases.TC003_ValidatingGiftCardsSection" name="validateGiftCardsSection" time="4.99"/>
  <testcase classname="testCases.TC003_ValidatingGiftCardsSection" name="validateGiftCardsSection" time="5.067"/>
  <testcase classname="testCases.TC003_ValidatingGiftCardsSection" name="validateGiftCardsSection" time="5.288"/>
  <testcase classname="testBase.BaseClass" name="@BeforeTest setup" time="0.0">
    <ignored/>
  </testcase> <!-- @BeforeTest setup -->
  <testcase classname="testBase.BaseClass" name="@BeforeTest setup" time="0.0">
    <ignored/>
  </testcase> <!-- @BeforeTest setup -->
  <testcase classname="testBase.BaseClass" name="@AfterTest close" time="0.0">
    <ignored/>
  </testcase> <!-- @AfterTest close -->
  <testcase classname="testBase.BaseClass" name="@AfterTest close" time="0.0">
    <ignored/>
  </testcase> <!-- @AfterTest close -->
</testsuite> <!-- Test -->
